# JRE version: OpenJDK Runtime Environment (8.0_212-b04) (build 1.8.0_212-release-1586-b04)
# Java VM: OpenJDK 64-Bit Server VM (25.212-b04 mixed mode windows-amd64 compressed oops)
Heap:
 PSYoungGen      total 360448K, used 144215K [0x00000000e0000000, 0x0000000100000000, 0x0000000100000000)
  eden space 276480K, 21% used [0x00000000e0000000,0x00000000e3ad9630,0x00000000f0e00000)
  from space 83968K, 99% used [0x00000000f0e00000,0x00000000f5ffc6f0,0x00000000f6000000)
  to   space 105472K, 0% used [0x00000000f9900000,0x00000000f9900000,0x0000000100000000)
 ParOldGen       total 324096K, used 229676K [0x00000000a0000000, 0x00000000b3c80000, 0x00000000e0000000)
  object space 324096K, 70% used [0x00000000a0000000,0x00000000ae04b0c8,0x00000000b3c80000)
 Metaspace       used 84915K, capacity 88208K, committed 88448K, reserved 1126400K
  class space    used 11179K, capacity 11862K, committed 11904K, reserved 1048576K
GC Heap History (10 events):
Event: 77.645 GC heap before
{Heap before GC invocations=21 (full 4):
 PSYoungGen      total 263680K, used 218458K [0x00000000e0000000, 0x00000000f6400000, 0x0000000100000000)
  eden space 216064K, 100% used [0x00000000e0000000,0x00000000ed300000,0x00000000ed300000)
  from space 47616K, 5% used [0x00000000f1000000,0x00000000f12569d0,0x00000000f3e80000)
  to   space 62464K, 0% used [0x00000000ed300000,0x00000000ed300000,0x00000000f1000000)
 ParOldGen       total 324096K, used 149892K [0x00000000a0000000, 0x00000000b3c80000, 0x00000000e0000000)
  object space 324096K, 46% used [0x00000000a0000000,0x00000000a9261188,0x00000000b3c80000)
 Metaspace       used 82947K, capacity 86194K, committed 86400K, reserved 1124352K
  class space    used 11136K, capacity 11811K, committed 11904K, reserved 1048576K
Event: 77.762 GC heap after
Heap after GC invocations=21 (full 4):
 PSYoungGen      total 278528K, used 25011K [0x00000000e0000000, 0x00000000f6200000, 0x0000000100000000)
  eden space 216064K, 0% used [0x00000000e0000000,0x00000000e0000000,0x00000000ed300000)
  from space 62464K, 40% used [0x00000000ed300000,0x00000000eeb6cc70,0x00000000f1000000)
  to   space 59392K, 0% used [0x00000000f2800000,0x00000000f2800000,0x00000000f6200000)
 ParOldGen       total 324096K, used 152324K [0x00000000a0000000, 0x00000000b3c80000, 0x00000000e0000000)
  object space 324096K, 46% used [0x00000000a0000000,0x00000000a94c11c8,0x00000000b3c80000)
 Metaspace       used 82947K, capacity 86194K, committed 86400K, reserved 1124352K
  class space    used 11136K, capacity 11811K, committed 11904K, reserved 1048576K
}
Event: 84.989 GC heap before
{Heap before GC invocations=22 (full 4):
 PSYoungGen      total 278528K, used 241075K [0x00000000e0000000, 0x00000000f6200000, 0x0000000100000000)
  eden space 216064K, 100% used [0x00000000e0000000,0x00000000ed300000,0x00000000ed300000)
  from space 62464K, 40% used [0x00000000ed300000,0x00000000eeb6cc70,0x00000000f1000000)
  to   space 59392K, 0% used [0x00000000f2800000,0x00000000f2800000,0x00000000f6200000)
 ParOldGen       total 324096K, used 152324K [0x00000000a0000000, 0x00000000b3c80000, 0x00000000e0000000)
  object space 324096K, 46% used [0x00000000a0000000,0x00000000a94c11c8,0x00000000b3c80000)
 Metaspace       used 83731K, capacity 86938K, committed 87168K, reserved 1124352K
  class space    used 11144K, capacity 11823K, committed 11904K, reserved 1048576K
Event: 85.043 GC heap after
Heap after GC invocations=22 (full 4):
 PSYoungGen      total 288768K, used 23322K [0x00000000e0000000, 0x00000000f5780000, 0x0000000100000000)
  eden space 240128K, 0% used [0x00000000e0000000,0x00000000e0000000,0x00000000eea80000)
  from space 48640K, 47% used [0x00000000f2800000,0x00000000f3ec6a08,0x00000000f5780000)
  to   space 55808K, 0% used [0x00000000eea80000,0x00000000eea80000,0x00000000f2100000)
 ParOldGen       total 324096K, used 152324K [0x00000000a0000000, 0x00000000b3c80000, 0x00000000e0000000)
  object space 324096K, 46% used [0x00000000a0000000,0x00000000a94c11c8,0x00000000b3c80000)
 Metaspace       used 83731K, capacity 86938K, committed 87168K, reserved 1124352K
  class space    used 11144K, capacity 11823K, committed 11904K, reserved 1048576K
}
Event: 88.045 GC heap before
{Heap before GC invocations=23 (full 4):
 PSYoungGen      total 288768K, used 263288K [0x00000000e0000000, 0x00000000f5780000, 0x0000000100000000)
  eden space 240128K, 99% used [0x00000000e0000000,0x00000000eea57920,0x00000000eea80000)
  from space 48640K, 47% used [0x00000000f2800000,0x00000000f3ec6a08,0x00000000f5780000)
  to   space 55808K, 0% used [0x00000000eea80000,0x00000000eea80000,0x00000000f2100000)
 ParOldGen       total 324096K, used 152324K [0x00000000a0000000, 0x00000000b3c80000, 0x00000000e0000000)
  object space 324096K, 46% used [0x00000000a0000000,0x00000000a94c11c8,0x00000000b3c80000)
 Metaspace       used 83789K, capacity 87078K, committed 87168K, reserved 1124352K
  class space    used 11145K, capacity 11825K, committed 11904K, reserved 1048576K
Event: 88.431 GC heap after
Heap after GC invocations=23 (full 4):
 PSYoungGen      total 295936K, used 55805K [0x00000000e0000000, 0x00000000fb400000, 0x0000000100000000)
  eden space 240128K, 0% used [0x00000000e0000000,0x00000000e0000000,0x00000000eea80000)
  from space 55808K, 99% used [0x00000000eea80000,0x00000000f20ff6f8,0x00000000f2100000)
  to   space 81920K, 0% used [0x00000000f6400000,0x00000000f6400000,0x00000000fb400000)
 ParOldGen       total 324096K, used 199271K [0x00000000a0000000, 0x00000000b3c80000, 0x00000000e0000000)
  object space 324096K, 61% used [0x00000000a0000000,0x00000000ac299c18,0x00000000b3c80000)
 Metaspace       used 83789K, capacity 87078K, committed 87168K, reserved 1124352K
  class space    used 11145K, capacity 11825K, committed 11904K, reserved 1048576K
}
Event: 273.696 GC heap before
{Heap before GC invocations=24 (full 4):
 PSYoungGen      total 295936K, used 295933K [0x00000000e0000000, 0x00000000fb400000, 0x0000000100000000)
  eden space 240128K, 100% used [0x00000000e0000000,0x00000000eea80000,0x00000000eea80000)
  from space 55808K, 99% used [0x00000000eea80000,0x00000000f20ff6f8,0x00000000f2100000)
  to   space 81920K, 0% used [0x00000000f6400000,0x00000000f6400000,0x00000000fb400000)
 ParOldGen       total 324096K, used 199271K [0x00000000a0000000, 0x00000000b3c80000, 0x00000000e0000000)
  object space 324096K, 61% used [0x00000000a0000000,0x00000000ac299c18,0x00000000b3c80000)
 Metaspace       used 84277K, capacity 87598K, committed 87680K, reserved 1124352K
  class space    used 11159K, capacity 11847K, committed 11904K, reserved 1048576K
Event: 274.066 GC heap after
Heap after GC invocations=24 (full 4):
 PSYoungGen      total 356352K, used 49259K [0x00000000e0000000, 0x00000000fb200000, 0x0000000100000000)
  eden space 276480K, 0% used [0x00000000e0000000,0x00000000e0000000,0x00000000f0e00000)
  from space 79872K, 61% used [0x00000000f6400000,0x00000000f941aef8,0x00000000fb200000)
  to   space 83968K, 0% used [0x00000000f0e00000,0x00000000f0e00000,0x00000000f6000000)
 ParOldGen       total 324096K, used 208912K [0x00000000a0000000, 0x00000000b3c80000, 0x00000000e0000000)
  object space 324096K, 64% used [0x00000000a0000000,0x00000000acc041d8,0x00000000b3c80000)
 Metaspace       used 84277K, capacity 87598K, committed 87680K, reserved 1124352K
  class space    used 11159K, capacity 11847K, committed 11904K, reserved 1048576K
}
Event: 279.578 GC heap before
{Heap before GC invocations=25 (full 4):
 PSYoungGen      total 356352K, used 325739K [0x00000000e0000000, 0x00000000fb200000, 0x0000000100000000)
  eden space 276480K, 100% used [0x00000000e0000000,0x00000000f0e00000,0x00000000f0e00000)
  from space 79872K, 61% used [0x00000000f6400000,0x00000000f941aef8,0x00000000fb200000)
  to   space 83968K, 0% used [0x00000000f0e00000,0x00000000f0e00000,0x00000000f6000000)
 ParOldGen       total 324096K, used 208912K [0x00000000a0000000, 0x00000000b3c80000, 0x00000000e0000000)
  object space 324096K, 64% used [0x00000000a0000000,0x00000000acc041d8,0x00000000b3c80000)
 Metaspace       used 84913K, capacity 88208K, committed 88448K, reserved 1126400K
  class space    used 11179K, capacity 11862K, committed 11904K, reserved 1048576K
Event: 279.952 GC heap after
Heap after GC invocations=25 (full 4):
 PSYoungGen      total 360448K, used 83953K [0x00000000e0000000, 0x0000000100000000, 0x0000000100000000)
  eden space 276480K, 0% used [0x00000000e0000000,0x00000000e0000000,0x00000000f0e00000)
  from space 83968K, 99% used [0x00000000f0e00000,0x00000000f5ffc6f0,0x00000000f6000000)
  to   space 105472K, 0% used [0x00000000f9900000,0x00000000f9900000,0x0000000100000000)
 ParOldGen       total 324096K, used 229676K [0x00000000a0000000, 0x00000000b3c80000, 0x00000000e0000000)
  object space 324096K, 70% used [0x00000000a0000000,0x00000000ae04b0c8,0x00000000b3c80000)
 Metaspace       used 84913K, capacity 88208K, committed 88448K, reserved 1126400K
  class space    used 11179K, capacity 11862K, committed 11904K, reserved 1048576K
}

