# JRE version: OpenJDK Runtime Environment (8.0_212-b04) (build 1.8.0_212-release-1586-b04)
# Java VM: OpenJDK 64-Bit Server VM (25.212-b04 mixed mode windows-amd64 compressed oops)
Heap:
 PSYoungGen      total 179200K, used 105553K [0x00000000e0000000, 0x00000000ee480000, 0x0000000100000000)
  eden space 156672K, 59% used [0x00000000e0000000,0x00000000e5b426f8,0x00000000e9900000)
  from space 22528K, 53% used [0x00000000e9900000,0x00000000ea4d1f40,0x00000000eaf00000)
  to   space 22016K, 0% used [0x00000000ecf00000,0x00000000ecf00000,0x00000000ee480000)
 ParOldGen       total 96768K, used 37662K [0x00000000a0000000, 0x00000000a5e80000, 0x00000000e0000000)
  object space 96768K, 38% used [0x00000000a0000000,0x00000000a24c7bc0,0x00000000a5e80000)
 Metaspace       used 60593K, capacity 62735K, committed 62848K, reserved 1103872K
  class space    used 8260K, capacity 8776K, committed 8832K, reserved 1048576K
GC Heap History (10 events):
Event: 11.100 GC heap before
{Heap before GC invocations=12 (full 2):
 PSYoungGen      total 109568K, used 97523K [0x00000000e0000000, 0x00000000e9680000, 0x0000000100000000)
  eden space 97792K, 99% used [0x00000000e0000000,0x00000000e5f3cd68,0x00000000e5f80000)
  from space 11776K, 0% used [0x00000000e5f80000,0x00000000e5f80000,0x00000000e6b00000)
  to   space 12800K, 0% used [0x00000000e8a00000,0x00000000e8a00000,0x00000000e9680000)
 ParOldGen       total 96768K, used 17444K [0x00000000a0000000, 0x00000000a5e80000, 0x00000000e0000000)
  object space 96768K, 18% used [0x00000000a0000000,0x00000000a1109238,0x00000000a5e80000)
 Metaspace       used 44522K, capacity 45609K, committed 45824K, reserved 1089536K
  class space    used 5998K, capacity 6281K, committed 6400K, reserved 1048576K
Event: 11.119 GC heap after
Heap after GC invocations=12 (full 2):
 PSYoungGen      total 136192K, used 12789K [0x00000000e0000000, 0x00000000e9680000, 0x0000000100000000)
  eden space 123392K, 0% used [0x00000000e0000000,0x00000000e0000000,0x00000000e7880000)
  from space 12800K, 99% used [0x00000000e8a00000,0x00000000e967d5f0,0x00000000e9680000)
  to   space 14336K, 0% used [0x00000000e7a80000,0x00000000e7a80000,0x00000000e8880000)
 ParOldGen       total 96768K, used 18610K [0x00000000a0000000, 0x00000000a5e80000, 0x00000000e0000000)
  object space 96768K, 19% used [0x00000000a0000000,0x00000000a122c970,0x00000000a5e80000)
 Metaspace       used 44522K, capacity 45609K, committed 45824K, reserved 1089536K
  class space    used 5998K, capacity 6281K, committed 6400K, reserved 1048576K
}
Event: 13.725 GC heap before
{Heap before GC invocations=13 (full 2):
 PSYoungGen      total 136192K, used 136181K [0x00000000e0000000, 0x00000000e9680000, 0x0000000100000000)
  eden space 123392K, 100% used [0x00000000e0000000,0x00000000e7880000,0x00000000e7880000)
  from space 12800K, 99% used [0x00000000e8a00000,0x00000000e967d5f0,0x00000000e9680000)
  to   space 14336K, 0% used [0x00000000e7a80000,0x00000000e7a80000,0x00000000e8880000)
 ParOldGen       total 96768K, used 18610K [0x00000000a0000000, 0x00000000a5e80000, 0x00000000e0000000)
  object space 96768K, 19% used [0x00000000a0000000,0x00000000a122c970,0x00000000a5e80000)
 Metaspace       used 52739K, capacity 54303K, committed 54528K, reserved 1095680K
  class space    used 7227K, capacity 7632K, committed 7680K, reserved 1048576K
Event: 13.839 GC heap after
Heap after GC invocations=13 (full 2):
 PSYoungGen      total 139776K, used 14319K [0x00000000e0000000, 0x00000000ec080000, 0x0000000100000000)
  eden space 125440K, 0% used [0x00000000e0000000,0x00000000e0000000,0x00000000e7a80000)
  from space 14336K, 99% used [0x00000000e7a80000,0x00000000e887bfb0,0x00000000e8880000)
  to   space 17920K, 0% used [0x00000000eaf00000,0x00000000eaf00000,0x00000000ec080000)
 ParOldGen       total 96768K, used 23431K [0x00000000a0000000, 0x00000000a5e80000, 0x00000000e0000000)
  object space 96768K, 24% used [0x00000000a0000000,0x00000000a16e1ea8,0x00000000a5e80000)
 Metaspace       used 52739K, capacity 54303K, committed 54528K, reserved 1095680K
  class space    used 7227K, capacity 7632K, committed 7680K, reserved 1048576K
}
Event: 15.629 GC heap before
{Heap before GC invocations=14 (full 2):
 PSYoungGen      total 139776K, used 97026K [0x00000000e0000000, 0x00000000ec080000, 0x0000000100000000)
  eden space 125440K, 65% used [0x00000000e0000000,0x00000000e50c4b80,0x00000000e7a80000)
  from space 14336K, 99% used [0x00000000e7a80000,0x00000000e887bfb0,0x00000000e8880000)
  to   space 17920K, 0% used [0x00000000eaf00000,0x00000000eaf00000,0x00000000ec080000)
 ParOldGen       total 96768K, used 23431K [0x00000000a0000000, 0x00000000a5e80000, 0x00000000e0000000)
  object space 96768K, 24% used [0x00000000a0000000,0x00000000a16e1ea8,0x00000000a5e80000)
 Metaspace       used 57276K, capacity 59135K, committed 59160K, reserved 1099776K
  class space    used 7878K, capacity 8318K, committed 8320K, reserved 1048576K
Event: 15.663 GC heap after
Heap after GC invocations=14 (full 2):
 PSYoungGen      total 174592K, used 17917K [0x00000000e0000000, 0x00000000ecb00000, 0x0000000100000000)
  eden space 156672K, 0% used [0x00000000e0000000,0x00000000e0000000,0x00000000e9900000)
  from space 17920K, 99% used [0x00000000eaf00000,0x00000000ec07f7d0,0x00000000ec080000)
  to   space 22528K, 0% used [0x00000000e9900000,0x00000000e9900000,0x00000000eaf00000)
 ParOldGen       total 96768K, used 28870K [0x00000000a0000000, 0x00000000a5e80000, 0x00000000e0000000)
  object space 96768K, 29% used [0x00000000a0000000,0x00000000a1c31ac0,0x00000000a5e80000)
 Metaspace       used 57276K, capacity 59135K, committed 59160K, reserved 1099776K
  class space    used 7878K, capacity 8318K, committed 8320K, reserved 1048576K
}
Event: 15.663 GC heap before
{Heap before GC invocations=15 (full 3):
 PSYoungGen      total 174592K, used 17917K [0x00000000e0000000, 0x00000000ecb00000, 0x0000000100000000)
  eden space 156672K, 0% used [0x00000000e0000000,0x00000000e0000000,0x00000000e9900000)
  from space 17920K, 99% used [0x00000000eaf00000,0x00000000ec07f7d0,0x00000000ec080000)
  to   space 22528K, 0% used [0x00000000e9900000,0x00000000e9900000,0x00000000eaf00000)
 ParOldGen       total 96768K, used 28870K [0x00000000a0000000, 0x00000000a5e80000, 0x00000000e0000000)
  object space 96768K, 29% used [0x00000000a0000000,0x00000000a1c31ac0,0x00000000a5e80000)
 Metaspace       used 57276K, capacity 59135K, committed 59160K, reserved 1099776K
  class space    used 7878K, capacity 8318K, committed 8320K, reserved 1048576K
Event: 16.088 GC heap after
Heap after GC invocations=15 (full 3):
 PSYoungGen      total 174592K, used 0K [0x00000000e0000000, 0x00000000ecb00000, 0x0000000100000000)
  eden space 156672K, 0% used [0x00000000e0000000,0x00000000e0000000,0x00000000e9900000)
  from space 17920K, 0% used [0x00000000eaf00000,0x00000000eaf00000,0x00000000ec080000)
  to   space 22528K, 0% used [0x00000000e9900000,0x00000000e9900000,0x00000000eaf00000)
 ParOldGen       total 96768K, used 37654K [0x00000000a0000000, 0x00000000a5e80000, 0x00000000e0000000)
  object space 96768K, 38% used [0x00000000a0000000,0x00000000a24c5bc0,0x00000000a5e80000)
 Metaspace       used 57276K, capacity 59135K, committed 59160K, reserved 1099776K
  class space    used 7878K, capacity 8318K, committed 8320K, reserved 1048576K
}
Event: 19.043 GC heap before
{Heap before GC invocations=16 (full 3):
 PSYoungGen      total 174592K, used 156672K [0x00000000e0000000, 0x00000000ecb00000, 0x0000000100000000)
  eden space 156672K, 100% used [0x00000000e0000000,0x00000000e9900000,0x00000000e9900000)
  from space 17920K, 0% used [0x00000000eaf00000,0x00000000eaf00000,0x00000000ec080000)
  to   space 22528K, 0% used [0x00000000e9900000,0x00000000e9900000,0x00000000eaf00000)
 ParOldGen       total 96768K, used 37654K [0x00000000a0000000, 0x00000000a5e80000, 0x00000000e0000000)
  object space 96768K, 38% used [0x00000000a0000000,0x00000000a24c5bc0,0x00000000a5e80000)
 Metaspace       used 59339K, capacity 61479K, committed 61696K, reserved 1101824K
  class space    used 8133K, capacity 8598K, committed 8704K, reserved 1048576K
Event: 19.071 GC heap after
Heap after GC invocations=16 (full 3):
 PSYoungGen      total 179200K, used 12103K [0x00000000e0000000, 0x00000000ee480000, 0x0000000100000000)
  eden space 156672K, 0% used [0x00000000e0000000,0x00000000e0000000,0x00000000e9900000)
  from space 22528K, 53% used [0x00000000e9900000,0x00000000ea4d1f40,0x00000000eaf00000)
  to   space 22016K, 0% used [0x00000000ecf00000,0x00000000ecf00000,0x00000000ee480000)
 ParOldGen       total 96768K, used 37662K [0x00000000a0000000, 0x00000000a5e80000, 0x00000000e0000000)
  object space 96768K, 38% used [0x00000000a0000000,0x00000000a24c7bc0,0x00000000a5e80000)
 Metaspace       used 59339K, capacity 61479K, committed 61696K, reserved 1101824K
  class space    used 8133K, capacity 8598K, committed 8704K, reserved 1048576K
}

