# JRE version: OpenJDK Runtime Environment (8.0_212-b04) (build 1.8.0_212-release-1586-b04)
# Java VM: OpenJDK 64-Bit Server VM (25.212-b04 mixed mode windows-amd64 compressed oops)
Heap:
 PSYoungGen      total 144896K, used 130986K [0x00000000e0000000, 0x00000000ea180000, 0x0000000100000000)
  eden space 132096K, 89% used [0x00000000e0000000,0x00000000e736b490,0x00000000e8100000)
  from space 12800K, 99% used [0x00000000e9500000,0x00000000ea17f528,0x00000000ea180000)
  to   space 14848K, 0% used [0x00000000e8480000,0x00000000e8480000,0x00000000e9300000)
 ParOldGen       total 94208K, used 18772K [0x00000000a0000000, 0x00000000a5c00000, 0x00000000e0000000)
  object space 94208K, 19% used [0x00000000a0000000,0x00000000a12551f8,0x00000000a5c00000)
 Metaspace       used 52442K, capacity 54089K, committed 54272K, reserved 1095680K
  class space    used 7180K, capacity 7599K, committed 7680K, reserved 1048576K
GC Heap History (10 events):
Event: 8.027 GC heap before
{Heap before GC invocations=8 (full 1):
 PSYoungGen      total 76800K, used 66048K [0x00000000e0000000, 0x00000000e5700000, 0x0000000100000000)
  eden space 66048K, 100% used [0x00000000e0000000,0x00000000e4080000,0x00000000e4080000)
  from space 10752K, 0% used [0x00000000e4b80000,0x00000000e4b80000,0x00000000e5600000)
  to   space 11264K, 0% used [0x00000000e4080000,0x00000000e4080000,0x00000000e4b80000)
 ParOldGen       total 62464K, used 9533K [0x00000000a0000000, 0x00000000a3d00000, 0x00000000e0000000)
  object space 62464K, 15% used [0x00000000a0000000,0x00000000a094f650,0x00000000a3d00000)
 Metaspace       used 29059K, capacity 29564K, committed 29696K, reserved 1075200K
  class space    used 3914K, capacity 4067K, committed 4096K, reserved 1048576K
Event: 8.071 GC heap after
Heap after GC invocations=8 (full 1):
 PSYoungGen      total 77312K, used 8047K [0x00000000e0000000, 0x00000000e7c00000, 0x0000000100000000)
  eden space 66048K, 0% used [0x00000000e0000000,0x00000000e0000000,0x00000000e4080000)
  from space 11264K, 71% used [0x00000000e4080000,0x00000000e485bf78,0x00000000e4b80000)
  to   space 11776K, 0% used [0x00000000e7080000,0x00000000e7080000,0x00000000e7c00000)
 ParOldGen       total 62464K, used 9541K [0x00000000a0000000, 0x00000000a3d00000, 0x00000000e0000000)
  object space 62464K, 15% used [0x00000000a0000000,0x00000000a0951650,0x00000000a3d00000)
 Metaspace       used 29059K, capacity 29564K, committed 29696K, reserved 1075200K
  class space    used 3914K, capacity 4067K, committed 4096K, reserved 1048576K
}
Event: 9.318 GC heap before
{Heap before GC invocations=9 (full 1):
 PSYoungGen      total 77312K, used 74095K [0x00000000e0000000, 0x00000000e7c00000, 0x0000000100000000)
  eden space 66048K, 100% used [0x00000000e0000000,0x00000000e4080000,0x00000000e4080000)
  from space 11264K, 71% used [0x00000000e4080000,0x00000000e485bf78,0x00000000e4b80000)
  to   space 11776K, 0% used [0x00000000e7080000,0x00000000e7080000,0x00000000e7c00000)
 ParOldGen       total 62464K, used 9541K [0x00000000a0000000, 0x00000000a3d00000, 0x00000000e0000000)
  object space 62464K, 15% used [0x00000000a0000000,0x00000000a0951650,0x00000000a3d00000)
 Metaspace       used 32143K, capacity 32692K, committed 32896K, reserved 1077248K
  class space    used 4415K, capacity 4619K, committed 4736K, reserved 1048576K
Event: 9.341 GC heap after
Heap after GC invocations=9 (full 1):
 PSYoungGen      total 115200K, used 8445K [0x00000000e0000000, 0x00000000e7c80000, 0x0000000100000000)
  eden space 103424K, 0% used [0x00000000e0000000,0x00000000e0000000,0x00000000e6500000)
  from space 11776K, 71% used [0x00000000e7080000,0x00000000e78bf4c0,0x00000000e7c00000)
  to   space 11776K, 0% used [0x00000000e6500000,0x00000000e6500000,0x00000000e7080000)
 ParOldGen       total 62464K, used 9549K [0x00000000a0000000, 0x00000000a3d00000, 0x00000000e0000000)
  object space 62464K, 15% used [0x00000000a0000000,0x00000000a0953650,0x00000000a3d00000)
 Metaspace       used 32143K, capacity 32692K, committed 32896K, reserved 1077248K
  class space    used 4415K, capacity 4619K, committed 4736K, reserved 1048576K
}
Event: 10.479 GC heap before
{Heap before GC invocations=10 (full 1):
 PSYoungGen      total 115200K, used 65626K [0x00000000e0000000, 0x00000000e7c80000, 0x0000000100000000)
  eden space 103424K, 55% used [0x00000000e0000000,0x00000000e37d7390,0x00000000e6500000)
  from space 11776K, 71% used [0x00000000e7080000,0x00000000e78bf4c0,0x00000000e7c00000)
  to   space 11776K, 0% used [0x00000000e6500000,0x00000000e6500000,0x00000000e7080000)
 ParOldGen       total 62464K, used 9549K [0x00000000a0000000, 0x00000000a3d00000, 0x00000000e0000000)
  object space 62464K, 15% used [0x00000000a0000000,0x00000000a0953650,0x00000000a3d00000)
 Metaspace       used 34647K, capacity 35463K, committed 35496K, reserved 1079296K
  class space    used 4764K, capacity 4992K, committed 4992K, reserved 1048576K
Event: 10.504 GC heap after
Heap after GC invocations=10 (full 1):
 PSYoungGen      total 115200K, used 10225K [0x00000000e0000000, 0x00000000ea180000, 0x0000000100000000)
  eden space 103424K, 0% used [0x00000000e0000000,0x00000000e0000000,0x00000000e6500000)
  from space 11776K, 86% used [0x00000000e6500000,0x00000000e6efc4a8,0x00000000e7080000)
  to   space 12800K, 0% used [0x00000000e9500000,0x00000000e9500000,0x00000000ea180000)
 ParOldGen       total 62464K, used 9557K [0x00000000a0000000, 0x00000000a3d00000, 0x00000000e0000000)
  object space 62464K, 15% used [0x00000000a0000000,0x00000000a0955650,0x00000000a3d00000)
 Metaspace       used 34647K, capacity 35463K, committed 35496K, reserved 1079296K
  class space    used 4764K, capacity 4992K, committed 4992K, reserved 1048576K
}
Event: 10.504 GC heap before
{Heap before GC invocations=11 (full 2):
 PSYoungGen      total 115200K, used 10225K [0x00000000e0000000, 0x00000000ea180000, 0x0000000100000000)
  eden space 103424K, 0% used [0x00000000e0000000,0x00000000e0000000,0x00000000e6500000)
  from space 11776K, 86% used [0x00000000e6500000,0x00000000e6efc4a8,0x00000000e7080000)
  to   space 12800K, 0% used [0x00000000e9500000,0x00000000e9500000,0x00000000ea180000)
 ParOldGen       total 62464K, used 9557K [0x00000000a0000000, 0x00000000a3d00000, 0x00000000e0000000)
  object space 62464K, 15% used [0x00000000a0000000,0x00000000a0955650,0x00000000a3d00000)
 Metaspace       used 34647K, capacity 35463K, committed 35496K, reserved 1079296K
  class space    used 4764K, capacity 4992K, committed 4992K, reserved 1048576K
Event: 10.616 GC heap after
Heap after GC invocations=11 (full 2):
 PSYoungGen      total 115200K, used 0K [0x00000000e0000000, 0x00000000ea180000, 0x0000000100000000)
  eden space 103424K, 0% used [0x00000000e0000000,0x00000000e0000000,0x00000000e6500000)
  from space 11776K, 0% used [0x00000000e6500000,0x00000000e6500000,0x00000000e7080000)
  to   space 12800K, 0% used [0x00000000e9500000,0x00000000e9500000,0x00000000ea180000)
 ParOldGen       total 94208K, used 17122K [0x00000000a0000000, 0x00000000a5c00000, 0x00000000e0000000)
  object space 94208K, 18% used [0x00000000a0000000,0x00000000a10b8880,0x00000000a5c00000)
 Metaspace       used 34645K, capacity 35457K, committed 35496K, reserved 1079296K
  class space    used 4764K, capacity 4991K, committed 4992K, reserved 1048576K
}
Event: 13.470 GC heap before
{Heap before GC invocations=12 (full 2):
 PSYoungGen      total 115200K, used 103424K [0x00000000e0000000, 0x00000000ea180000, 0x0000000100000000)
  eden space 103424K, 100% used [0x00000000e0000000,0x00000000e6500000,0x00000000e6500000)
  from space 11776K, 0% used [0x00000000e6500000,0x00000000e6500000,0x00000000e7080000)
  to   space 12800K, 0% used [0x00000000e9500000,0x00000000e9500000,0x00000000ea180000)
 ParOldGen       total 94208K, used 17122K [0x00000000a0000000, 0x00000000a5c00000, 0x00000000e0000000)
  object space 94208K, 18% used [0x00000000a0000000,0x00000000a10b8880,0x00000000a5c00000)
 Metaspace       used 45054K, capacity 46209K, committed 46592K, reserved 1089536K
  class space    used 6052K, capacity 6347K, committed 6400K, reserved 1048576K
Event: 13.492 GC heap after
Heap after GC invocations=12 (full 2):
 PSYoungGen      total 144896K, used 12797K [0x00000000e0000000, 0x00000000ea180000, 0x0000000100000000)
  eden space 132096K, 0% used [0x00000000e0000000,0x00000000e0000000,0x00000000e8100000)
  from space 12800K, 99% used [0x00000000e9500000,0x00000000ea17f528,0x00000000ea180000)
  to   space 14848K, 0% used [0x00000000e8480000,0x00000000e8480000,0x00000000e9300000)
 ParOldGen       total 94208K, used 18772K [0x00000000a0000000, 0x00000000a5c00000, 0x00000000e0000000)
  object space 94208K, 19% used [0x00000000a0000000,0x00000000a12551f8,0x00000000a5c00000)
 Metaspace       used 45054K, capacity 46209K, committed 46592K, reserved 1089536K
  class space    used 6052K, capacity 6347K, committed 6400K, reserved 1048576K
}

