# JRE version: OpenJDK Runtime Environment (8.0_212-b04) (build 1.8.0_212-release-1586-b04)
# Java VM: OpenJDK 64-Bit Server VM (25.212-b04 mixed mode windows-amd64 compressed oops)
Heap:
 PSYoungGen      total 184832K, used 104890K [0x00000000e0000000, 0x00000000ef480000, 0x0000000100000000)
  eden space 167424K, 54% used [0x00000000e0000000,0x00000000e5929330,0x00000000ea380000)
  from space 17408K, 78% used [0x00000000ea380000,0x00000000eb0c54f8,0x00000000eb480000)
  to   space 18432K, 0% used [0x00000000ee280000,0x00000000ee280000,0x00000000ef480000)
 ParOldGen       total 145920K, used 36147K [0x00000000a0000000, 0x00000000a8e80000, 0x00000000e0000000)
  object space 145920K, 24% used [0x00000000a0000000,0x00000000a234cf68,0x00000000a8e80000)
 Metaspace       used 61336K, capacity 63410K, committed 63744K, reserved 1103872K
  class space    used 8369K, capacity 8847K, committed 8960K, reserved 1048576K
GC Heap History (10 events):
Event: 14.529 GC heap before
{Heap before GC invocations=12 (full 2):
 PSYoungGen      total 112640K, used 100864K [0x00000000e0000000, 0x00000000e9d00000, 0x0000000100000000)
  eden space 100864K, 100% used [0x00000000e0000000,0x00000000e6280000,0x00000000e6280000)
  from space 11776K, 0% used [0x00000000e6280000,0x00000000e6280000,0x00000000e6e00000)
  to   space 12800K, 0% used [0x00000000e9080000,0x00000000e9080000,0x00000000e9d00000)
 ParOldGen       total 97280K, used 17306K [0x00000000a0000000, 0x00000000a5f00000, 0x00000000e0000000)
  object space 97280K, 17% used [0x00000000a0000000,0x00000000a10e6ba8,0x00000000a5f00000)
 Metaspace       used 44739K, capacity 45838K, committed 46080K, reserved 1089536K
  class space    used 6023K, capacity 6313K, committed 6400K, reserved 1048576K
Event: 14.560 GC heap after
Heap after GC invocations=12 (full 2):
 PSYoungGen      total 141824K, used 12785K [0x00000000e0000000, 0x00000000e9d00000, 0x0000000100000000)
  eden space 129024K, 0% used [0x00000000e0000000,0x00000000e0000000,0x00000000e7e00000)
  from space 12800K, 99% used [0x00000000e9080000,0x00000000e9cfc760,0x00000000e9d00000)
  to   space 14336K, 0% used [0x00000000e8100000,0x00000000e8100000,0x00000000e8f00000)
 ParOldGen       total 97280K, used 18234K [0x00000000a0000000, 0x00000000a5f00000, 0x00000000e0000000)
  object space 97280K, 18% used [0x00000000a0000000,0x00000000a11ceb70,0x00000000a5f00000)
 Metaspace       used 44739K, capacity 45838K, committed 46080K, reserved 1089536K
  class space    used 6023K, capacity 6313K, committed 6400K, reserved 1048576K
}
Event: 17.122 GC heap before
{Heap before GC invocations=13 (full 2):
 PSYoungGen      total 141824K, used 141809K [0x00000000e0000000, 0x00000000e9d00000, 0x0000000100000000)
  eden space 129024K, 100% used [0x00000000e0000000,0x00000000e7e00000,0x00000000e7e00000)
  from space 12800K, 99% used [0x00000000e9080000,0x00000000e9cfc760,0x00000000e9d00000)
  to   space 14336K, 0% used [0x00000000e8100000,0x00000000e8100000,0x00000000e8f00000)
 ParOldGen       total 97280K, used 18234K [0x00000000a0000000, 0x00000000a5f00000, 0x00000000e0000000)
  object space 97280K, 18% used [0x00000000a0000000,0x00000000a11ceb70,0x00000000a5f00000)
 Metaspace       used 53544K, capacity 55198K, committed 55424K, reserved 1097728K
  class space    used 7331K, capacity 7759K, committed 7808K, reserved 1048576K
Event: 17.170 GC heap after
Heap after GC invocations=13 (full 2):
 PSYoungGen      total 146432K, used 14315K [0x00000000e0000000, 0x00000000ec680000, 0x0000000100000000)
  eden space 132096K, 0% used [0x00000000e0000000,0x00000000e0000000,0x00000000e8100000)
  from space 14336K, 99% used [0x00000000e8100000,0x00000000e8efad30,0x00000000e8f00000)
  to   space 18432K, 0% used [0x00000000eb480000,0x00000000eb480000,0x00000000ec680000)
 ParOldGen       total 97280K, used 23816K [0x00000000a0000000, 0x00000000a5f00000, 0x00000000e0000000)
  object space 97280K, 24% used [0x00000000a0000000,0x00000000a1742240,0x00000000a5f00000)
 Metaspace       used 53544K, capacity 55198K, committed 55424K, reserved 1097728K
  class space    used 7331K, capacity 7759K, committed 7808K, reserved 1048576K
}
Event: 19.651 GC heap before
{Heap before GC invocations=14 (full 2):
 PSYoungGen      total 146432K, used 84364K [0x00000000e0000000, 0x00000000ec680000, 0x0000000100000000)
  eden space 132096K, 53% used [0x00000000e0000000,0x00000000e4468690,0x00000000e8100000)
  from space 14336K, 99% used [0x00000000e8100000,0x00000000e8efad30,0x00000000e8f00000)
  to   space 18432K, 0% used [0x00000000eb480000,0x00000000eb480000,0x00000000ec680000)
 ParOldGen       total 97280K, used 23816K [0x00000000a0000000, 0x00000000a5f00000, 0x00000000e0000000)
  object space 97280K, 24% used [0x00000000a0000000,0x00000000a1742240,0x00000000a5f00000)
 Metaspace       used 57236K, capacity 59066K, committed 59096K, reserved 1099776K
  class space    used 7861K, capacity 8317K, committed 8320K, reserved 1048576K
Event: 19.850 GC heap after
Heap after GC invocations=14 (full 2):
 PSYoungGen      total 185856K, used 7911K [0x00000000e0000000, 0x00000000ed580000, 0x0000000100000000)
  eden space 167424K, 0% used [0x00000000e0000000,0x00000000e0000000,0x00000000ea380000)
  from space 18432K, 42% used [0x00000000eb480000,0x00000000ebc39f40,0x00000000ec680000)
  to   space 17408K, 0% used [0x00000000ea380000,0x00000000ea380000,0x00000000eb480000)
 ParOldGen       total 97280K, used 37664K [0x00000000a0000000, 0x00000000a5f00000, 0x00000000e0000000)
  object space 97280K, 38% used [0x00000000a0000000,0x00000000a24c8048,0x00000000a5f00000)
 Metaspace       used 57236K, capacity 59066K, committed 59096K, reserved 1099776K
  class space    used 7861K, capacity 8317K, committed 8320K, reserved 1048576K
}
Event: 19.850 GC heap before
{Heap before GC invocations=15 (full 3):
 PSYoungGen      total 185856K, used 7911K [0x00000000e0000000, 0x00000000ed580000, 0x0000000100000000)
  eden space 167424K, 0% used [0x00000000e0000000,0x00000000e0000000,0x00000000ea380000)
  from space 18432K, 42% used [0x00000000eb480000,0x00000000ebc39f40,0x00000000ec680000)
  to   space 17408K, 0% used [0x00000000ea380000,0x00000000ea380000,0x00000000eb480000)
 ParOldGen       total 97280K, used 37664K [0x00000000a0000000, 0x00000000a5f00000, 0x00000000e0000000)
  object space 97280K, 38% used [0x00000000a0000000,0x00000000a24c8048,0x00000000a5f00000)
 Metaspace       used 57236K, capacity 59066K, committed 59096K, reserved 1099776K
  class space    used 7861K, capacity 8317K, committed 8320K, reserved 1048576K
Event: 20.417 GC heap after
Heap after GC invocations=15 (full 3):
 PSYoungGen      total 185856K, used 0K [0x00000000e0000000, 0x00000000ed580000, 0x0000000100000000)
  eden space 167424K, 0% used [0x00000000e0000000,0x00000000e0000000,0x00000000ea380000)
  from space 18432K, 0% used [0x00000000eb480000,0x00000000eb480000,0x00000000ec680000)
  to   space 17408K, 0% used [0x00000000ea380000,0x00000000ea380000,0x00000000eb480000)
 ParOldGen       total 145920K, used 36139K [0x00000000a0000000, 0x00000000a8e80000, 0x00000000e0000000)
  object space 145920K, 24% used [0x00000000a0000000,0x00000000a234af68,0x00000000a8e80000)
 Metaspace       used 57236K, capacity 59066K, committed 59096K, reserved 1099776K
  class space    used 7861K, capacity 8317K, committed 8320K, reserved 1048576K
}
Event: 26.014 GC heap before
{Heap before GC invocations=16 (full 3):
 PSYoungGen      total 185856K, used 167424K [0x00000000e0000000, 0x00000000ed580000, 0x0000000100000000)
  eden space 167424K, 100% used [0x00000000e0000000,0x00000000ea380000,0x00000000ea380000)
  from space 18432K, 0% used [0x00000000eb480000,0x00000000eb480000,0x00000000ec680000)
  to   space 17408K, 0% used [0x00000000ea380000,0x00000000ea380000,0x00000000eb480000)
 ParOldGen       total 145920K, used 36139K [0x00000000a0000000, 0x00000000a8e80000, 0x00000000e0000000)
  object space 145920K, 24% used [0x00000000a0000000,0x00000000a234af68,0x00000000a8e80000)
 Metaspace       used 59341K, capacity 61322K, committed 61568K, reserved 1101824K
  class space    used 8114K, capacity 8557K, committed 8576K, reserved 1048576K
Event: 26.156 GC heap after
Heap after GC invocations=16 (full 3):
 PSYoungGen      total 184832K, used 13589K [0x00000000e0000000, 0x00000000ef480000, 0x0000000100000000)
  eden space 167424K, 0% used [0x00000000e0000000,0x00000000e0000000,0x00000000ea380000)
  from space 17408K, 78% used [0x00000000ea380000,0x00000000eb0c54f8,0x00000000eb480000)
  to   space 18432K, 0% used [0x00000000ee280000,0x00000000ee280000,0x00000000ef480000)
 ParOldGen       total 145920K, used 36147K [0x00000000a0000000, 0x00000000a8e80000, 0x00000000e0000000)
  object space 145920K, 24% used [0x00000000a0000000,0x00000000a234cf68,0x00000000a8e80000)
 Metaspace       used 59341K, capacity 61322K, committed 61568K, reserved 1101824K
  class space    used 8114K, capacity 8557K, committed 8576K, reserved 1048576K
}

