# JRE version: OpenJDK Runtime Environment (8.0_212-b04) (build 1.8.0_212-release-1586-b04)
# Java VM: OpenJDK 64-Bit Server VM (25.212-b04 mixed mode windows-amd64 compressed oops)
Heap:
 PSYoungGen      total 114688K, used 29598K [0x00000000e0000000, 0x00000000ea200000, 0x0000000100000000)
  eden space 102912K, 28% used [0x00000000e0000000,0x00000000e1ce7a38,0x00000000e6480000)
  from space 11776K, 0% used [0x00000000e6480000,0x00000000e6480000,0x00000000e7000000)
  to   space 12800K, 0% used [0x00000000e9580000,0x00000000e9580000,0x00000000ea200000)
 ParOldGen       total 61440K, used 17207K [0x00000000a0000000, 0x00000000a3c00000, 0x00000000e0000000)
  object space 61440K, 28% used [0x00000000a0000000,0x00000000a10cdd80,0x00000000a3c00000)
 Metaspace       used 38343K, capacity 39360K, committed 39720K, reserved 1083392K
  class space    used 5252K, capacity 5558K, committed 5672K, reserved 1048576K
GC Heap History (10 events):
Event: 5.037 GC heap before
{Heap before GC invocations=7 (full 1):
 PSYoungGen      total 76800K, used 8792K [0x00000000e0000000, 0x00000000e5700000, 0x0000000100000000)
  eden space 66048K, 0% used [0x00000000e0000000,0x00000000e0000000,0x00000000e4080000)
  from space 10752K, 81% used [0x00000000e4b80000,0x00000000e54161c8,0x00000000e5600000)
  to   space 11264K, 0% used [0x00000000e4080000,0x00000000e4080000,0x00000000e4b80000)
 ParOldGen       total 87552K, used 7434K [0x00000000a0000000, 0x00000000a5580000, 0x00000000e0000000)
  object space 87552K, 8% used [0x00000000a0000000,0x00000000a07428d8,0x00000000a5580000)
 Metaspace       used 20645K, capacity 21138K, committed 21296K, reserved 1067008K
  class space    used 2982K, capacity 3161K, committed 3200K, reserved 1048576K
Event: 5.104 GC heap after
Heap after GC invocations=7 (full 1):
 PSYoungGen      total 76800K, used 0K [0x00000000e0000000, 0x00000000e5700000, 0x0000000100000000)
  eden space 66048K, 0% used [0x00000000e0000000,0x00000000e0000000,0x00000000e4080000)
  from space 10752K, 0% used [0x00000000e4b80000,0x00000000e4b80000,0x00000000e5600000)
  to   space 11264K, 0% used [0x00000000e4080000,0x00000000e4080000,0x00000000e4b80000)
 ParOldGen       total 61440K, used 9474K [0x00000000a0000000, 0x00000000a3c00000, 0x00000000e0000000)
  object space 61440K, 15% used [0x00000000a0000000,0x00000000a0940950,0x00000000a3c00000)
 Metaspace       used 20645K, capacity 21138K, committed 21296K, reserved 1067008K
  class space    used 2982K, capacity 3161K, committed 3200K, reserved 1048576K
}
Event: 6.293 GC heap before
{Heap before GC invocations=8 (full 1):
 PSYoungGen      total 76800K, used 66048K [0x00000000e0000000, 0x00000000e5700000, 0x0000000100000000)
  eden space 66048K, 100% used [0x00000000e0000000,0x00000000e4080000,0x00000000e4080000)
  from space 10752K, 0% used [0x00000000e4b80000,0x00000000e4b80000,0x00000000e5600000)
  to   space 11264K, 0% used [0x00000000e4080000,0x00000000e4080000,0x00000000e4b80000)
 ParOldGen       total 61440K, used 9474K [0x00000000a0000000, 0x00000000a3c00000, 0x00000000e0000000)
  object space 61440K, 15% used [0x00000000a0000000,0x00000000a0940950,0x00000000a3c00000)
 Metaspace       used 29014K, capacity 29532K, committed 29824K, reserved 1075200K
  class space    used 3908K, capacity 4099K, committed 4224K, reserved 1048576K
Event: 6.308 GC heap after
Heap after GC invocations=8 (full 1):
 PSYoungGen      total 77312K, used 8105K [0x00000000e0000000, 0x00000000e7b80000, 0x0000000100000000)
  eden space 66048K, 0% used [0x00000000e0000000,0x00000000e0000000,0x00000000e4080000)
  from space 11264K, 71% used [0x00000000e4080000,0x00000000e486a418,0x00000000e4b80000)
  to   space 11776K, 0% used [0x00000000e7000000,0x00000000e7000000,0x00000000e7b80000)
 ParOldGen       total 61440K, used 9482K [0x00000000a0000000, 0x00000000a3c00000, 0x00000000e0000000)
  object space 61440K, 15% used [0x00000000a0000000,0x00000000a0942950,0x00000000a3c00000)
 Metaspace       used 29014K, capacity 29532K, committed 29824K, reserved 1075200K
  class space    used 3908K, capacity 4099K, committed 4224K, reserved 1048576K
}
Event: 7.148 GC heap before
{Heap before GC invocations=9 (full 1):
 PSYoungGen      total 77312K, used 74153K [0x00000000e0000000, 0x00000000e7b80000, 0x0000000100000000)
  eden space 66048K, 100% used [0x00000000e0000000,0x00000000e4080000,0x00000000e4080000)
  from space 11264K, 71% used [0x00000000e4080000,0x00000000e486a418,0x00000000e4b80000)
  to   space 11776K, 0% used [0x00000000e7000000,0x00000000e7000000,0x00000000e7b80000)
 ParOldGen       total 61440K, used 9482K [0x00000000a0000000, 0x00000000a3c00000, 0x00000000e0000000)
  object space 61440K, 15% used [0x00000000a0000000,0x00000000a0942950,0x00000000a3c00000)
 Metaspace       used 32032K, capacity 32596K, committed 32768K, reserved 1077248K
  class space    used 4392K, capacity 4587K, committed 4608K, reserved 1048576K
Event: 7.169 GC heap after
Heap after GC invocations=9 (full 1):
 PSYoungGen      total 114688K, used 8345K [0x00000000e0000000, 0x00000000e7d80000, 0x0000000100000000)
  eden space 102912K, 0% used [0x00000000e0000000,0x00000000e0000000,0x00000000e6480000)
  from space 11776K, 70% used [0x00000000e7000000,0x00000000e78267f0,0x00000000e7b80000)
  to   space 11776K, 0% used [0x00000000e6480000,0x00000000e6480000,0x00000000e7000000)
 ParOldGen       total 61440K, used 9490K [0x00000000a0000000, 0x00000000a3c00000, 0x00000000e0000000)
  object space 61440K, 15% used [0x00000000a0000000,0x00000000a0944950,0x00000000a3c00000)
 Metaspace       used 32032K, capacity 32596K, committed 32768K, reserved 1077248K
  class space    used 4392K, capacity 4587K, committed 4608K, reserved 1048576K
}
Event: 8.305 GC heap before
{Heap before GC invocations=10 (full 1):
 PSYoungGen      total 114688K, used 67284K [0x00000000e0000000, 0x00000000e7d80000, 0x0000000100000000)
  eden space 102912K, 57% used [0x00000000e0000000,0x00000000e398e828,0x00000000e6480000)
  from space 11776K, 70% used [0x00000000e7000000,0x00000000e78267f0,0x00000000e7b80000)
  to   space 11776K, 0% used [0x00000000e6480000,0x00000000e6480000,0x00000000e7000000)
 ParOldGen       total 61440K, used 9490K [0x00000000a0000000, 0x00000000a3c00000, 0x00000000e0000000)
  object space 61440K, 15% used [0x00000000a0000000,0x00000000a0944950,0x00000000a3c00000)
 Metaspace       used 34633K, capacity 35410K, committed 35496K, reserved 1079296K
  class space    used 4758K, capacity 4994K, committed 5032K, reserved 1048576K
Event: 8.332 GC heap after
Heap after GC invocations=10 (full 1):
 PSYoungGen      total 114688K, used 10312K [0x00000000e0000000, 0x00000000ea200000, 0x0000000100000000)
  eden space 102912K, 0% used [0x00000000e0000000,0x00000000e0000000,0x00000000e6480000)
  from space 11776K, 87% used [0x00000000e6480000,0x00000000e6e920f8,0x00000000e7000000)
  to   space 12800K, 0% used [0x00000000e9580000,0x00000000e9580000,0x00000000ea200000)
 ParOldGen       total 61440K, used 9498K [0x00000000a0000000, 0x00000000a3c00000, 0x00000000e0000000)
  object space 61440K, 15% used [0x00000000a0000000,0x00000000a0946950,0x00000000a3c00000)
 Metaspace       used 34633K, capacity 35410K, committed 35496K, reserved 1079296K
  class space    used 4758K, capacity 4994K, committed 5032K, reserved 1048576K
}
Event: 8.332 GC heap before
{Heap before GC invocations=11 (full 2):
 PSYoungGen      total 114688K, used 10312K [0x00000000e0000000, 0x00000000ea200000, 0x0000000100000000)
  eden space 102912K, 0% used [0x00000000e0000000,0x00000000e0000000,0x00000000e6480000)
  from space 11776K, 87% used [0x00000000e6480000,0x00000000e6e920f8,0x00000000e7000000)
  to   space 12800K, 0% used [0x00000000e9580000,0x00000000e9580000,0x00000000ea200000)
 ParOldGen       total 61440K, used 9498K [0x00000000a0000000, 0x00000000a3c00000, 0x00000000e0000000)
  object space 61440K, 15% used [0x00000000a0000000,0x00000000a0946950,0x00000000a3c00000)
 Metaspace       used 34633K, capacity 35410K, committed 35496K, reserved 1079296K
  class space    used 4758K, capacity 4994K, committed 5032K, reserved 1048576K
Event: 8.433 GC heap after
Heap after GC invocations=11 (full 2):
 PSYoungGen      total 114688K, used 0K [0x00000000e0000000, 0x00000000ea200000, 0x0000000100000000)
  eden space 102912K, 0% used [0x00000000e0000000,0x00000000e0000000,0x00000000e6480000)
  from space 11776K, 0% used [0x00000000e6480000,0x00000000e6480000,0x00000000e7000000)
  to   space 12800K, 0% used [0x00000000e9580000,0x00000000e9580000,0x00000000ea200000)
 ParOldGen       total 61440K, used 17207K [0x00000000a0000000, 0x00000000a3c00000, 0x00000000e0000000)
  object space 61440K, 28% used [0x00000000a0000000,0x00000000a10cdd80,0x00000000a3c00000)
 Metaspace       used 34629K, capacity 35398K, committed 35496K, reserved 1079296K
  class space    used 4757K, capacity 4992K, committed 5032K, reserved 1048576K
}

