# JRE version: OpenJDK Runtime Environment (8.0_212-b04) (build 1.8.0_212-release-1586-b04)
# Java VM: OpenJDK 64-Bit Server VM (25.212-b04 mixed mode windows-amd64 compressed oops)
Heap:
 PSYoungGen      total 412672K, used 326656K [0x00000000e0000000, 0x00000000ffc00000, 0x0000000100000000)
  eden space 378368K, 77% used [0x00000000e0000000,0x00000000f1d80588,0x00000000f7180000)
  from space 34304K, 99% used [0x00000000f7180000,0x00000000f92ffc38,0x00000000f9300000)
  to   space 40448K, 0% used [0x00000000fd480000,0x00000000fd480000,0x00000000ffc00000)
 ParOldGen       total 134144K, used 72426K [0x00000000a0000000, 0x00000000a8300000, 0x00000000e0000000)
  object space 134144K, 53% used [0x00000000a0000000,0x00000000a46ba850,0x00000000a8300000)
 Metaspace       used 89517K, capacity 93360K, committed 93464K, reserved 1130496K
  class space    used 11410K, capacity 12245K, committed 12312K, reserved 1048576K
GC Heap History (10 events):
Event: 468.767 GC heap before
{Heap before GC invocations=22 (full 3):
 PSYoungGen      total 288256K, used 283350K [0x00000000e0000000, 0x00000000f3580000, 0x0000000100000000)
  eden space 264704K, 100% used [0x00000000e0000000,0x00000000f0280000,0x00000000f0280000)
  from space 23552K, 79% used [0x00000000f1a80000,0x00000000f2cb5bd0,0x00000000f3180000)
  to   space 24576K, 0% used [0x00000000f0280000,0x00000000f0280000,0x00000000f1a80000)
 ParOldGen       total 134144K, used 36710K [0x00000000a0000000, 0x00000000a8300000, 0x00000000e0000000)
  object space 134144K, 27% used [0x00000000a0000000,0x00000000a23d9a40,0x00000000a8300000)
 Metaspace       used 72343K, capacity 75284K, committed 75416K, reserved 1114112K
  class space    used 9685K, capacity 10312K, committed 10392K, reserved 1048576K
Event: 468.825 GC heap after
Heap after GC invocations=22 (full 3):
 PSYoungGen      total 289280K, used 19277K [0x00000000e0000000, 0x00000000f6b00000, 0x0000000100000000)
  eden space 264704K, 0% used [0x00000000e0000000,0x00000000e0000000,0x00000000f0280000)
  from space 24576K, 78% used [0x00000000f0280000,0x00000000f15534f0,0x00000000f1a80000)
  to   space 26112K, 0% used [0x00000000f5180000,0x00000000f5180000,0x00000000f6b00000)
 ParOldGen       total 134144K, used 36718K [0x00000000a0000000, 0x00000000a8300000, 0x00000000e0000000)
  object space 134144K, 27% used [0x00000000a0000000,0x00000000a23dba40,0x00000000a8300000)
 Metaspace       used 72343K, capacity 75284K, committed 75416K, reserved 1114112K
  class space    used 9685K, capacity 10312K, committed 10392K, reserved 1048576K
}
Event: 473.810 GC heap before
{Heap before GC invocations=23 (full 3):
 PSYoungGen      total 289280K, used 283981K [0x00000000e0000000, 0x00000000f6b00000, 0x0000000100000000)
  eden space 264704K, 100% used [0x00000000e0000000,0x00000000f0280000,0x00000000f0280000)
  from space 24576K, 78% used [0x00000000f0280000,0x00000000f15534f0,0x00000000f1a80000)
  to   space 26112K, 0% used [0x00000000f5180000,0x00000000f5180000,0x00000000f6b00000)
 ParOldGen       total 134144K, used 36718K [0x00000000a0000000, 0x00000000a8300000, 0x00000000e0000000)
  object space 134144K, 27% used [0x00000000a0000000,0x00000000a23dba40,0x00000000a8300000)
 Metaspace       used 73578K, capacity 76434K, committed 76696K, reserved 1116160K
  class space    used 9772K, capacity 10371K, committed 10392K, reserved 1048576K
Event: 473.943 GC heap after
Heap after GC invocations=23 (full 3):
 PSYoungGen      total 345088K, used 17373K [0x00000000e0000000, 0x00000000f7180000, 0x0000000100000000)
  eden space 318976K, 0% used [0x00000000e0000000,0x00000000e0000000,0x00000000f3780000)
  from space 26112K, 66% used [0x00000000f5180000,0x00000000f6277488,0x00000000f6b00000)
  to   space 26624K, 0% used [0x00000000f3780000,0x00000000f3780000,0x00000000f5180000)
 ParOldGen       total 134144K, used 46982K [0x00000000a0000000, 0x00000000a8300000, 0x00000000e0000000)
  object space 134144K, 35% used [0x00000000a0000000,0x00000000a2de1ab0,0x00000000a8300000)
 Metaspace       used 73578K, capacity 76434K, committed 76696K, reserved 1116160K
  class space    used 9772K, capacity 10371K, committed 10392K, reserved 1048576K
}
Event: 575.151 GC heap before
{Heap before GC invocations=24 (full 3):
 PSYoungGen      total 345088K, used 336349K [0x00000000e0000000, 0x00000000f7180000, 0x0000000100000000)
  eden space 318976K, 100% used [0x00000000e0000000,0x00000000f3780000,0x00000000f3780000)
  from space 26112K, 66% used [0x00000000f5180000,0x00000000f6277488,0x00000000f6b00000)
  to   space 26624K, 0% used [0x00000000f3780000,0x00000000f3780000,0x00000000f5180000)
 ParOldGen       total 134144K, used 46982K [0x00000000a0000000, 0x00000000a8300000, 0x00000000e0000000)
  object space 134144K, 35% used [0x00000000a0000000,0x00000000a2de1ab0,0x00000000a8300000)
 Metaspace       used 78734K, capacity 82206K, committed 82456K, reserved 1120256K
  class space    used 10239K, capacity 10994K, committed 11032K, reserved 1048576K
Event: 575.227 GC heap after
Heap after GC invocations=24 (full 3):
 PSYoungGen      total 345600K, used 26605K [0x00000000e0000000, 0x00000000fbc00000, 0x0000000100000000)
  eden space 318976K, 0% used [0x00000000e0000000,0x00000000e0000000,0x00000000f3780000)
  from space 26624K, 99% used [0x00000000f3780000,0x00000000f517b4a0,0x00000000f5180000)
  to   space 35840K, 0% used [0x00000000f9900000,0x00000000f9900000,0x00000000fbc00000)
 ParOldGen       total 134144K, used 62934K [0x00000000a0000000, 0x00000000a8300000, 0x00000000e0000000)
  object space 134144K, 46% used [0x00000000a0000000,0x00000000a3d75a28,0x00000000a8300000)
 Metaspace       used 78734K, capacity 82206K, committed 82456K, reserved 1120256K
  class space    used 10239K, capacity 10994K, committed 11032K, reserved 1048576K
}
Event: 581.306 GC heap before
{Heap before GC invocations=25 (full 3):
 PSYoungGen      total 345600K, used 345581K [0x00000000e0000000, 0x00000000fbc00000, 0x0000000100000000)
  eden space 318976K, 100% used [0x00000000e0000000,0x00000000f3780000,0x00000000f3780000)
  from space 26624K, 99% used [0x00000000f3780000,0x00000000f517b4a0,0x00000000f5180000)
  to   space 35840K, 0% used [0x00000000f9900000,0x00000000f9900000,0x00000000fbc00000)
 ParOldGen       total 134144K, used 62934K [0x00000000a0000000, 0x00000000a8300000, 0x00000000e0000000)
  object space 134144K, 46% used [0x00000000a0000000,0x00000000a3d75a28,0x00000000a8300000)
 Metaspace       used 81127K, capacity 84598K, committed 84760K, reserved 1122304K
  class space    used 10507K, capacity 11260K, committed 11288K, reserved 1048576K
Event: 581.342 GC heap after
Heap after GC invocations=25 (full 3):
 PSYoungGen      total 406528K, used 16058K [0x00000000e0000000, 0x00000000fb480000, 0x0000000100000000)
  eden space 378368K, 0% used [0x00000000e0000000,0x00000000e0000000,0x00000000f7180000)
  from space 28160K, 57% used [0x00000000f9900000,0x00000000fa8aea80,0x00000000fb480000)
  to   space 34304K, 0% used [0x00000000f7180000,0x00000000f7180000,0x00000000f9300000)
 ParOldGen       total 134144K, used 68046K [0x00000000a0000000, 0x00000000a8300000, 0x00000000e0000000)
  object space 134144K, 50% used [0x00000000a0000000,0x00000000a4273998,0x00000000a8300000)
 Metaspace       used 81127K, capacity 84598K, committed 84760K, reserved 1122304K
  class space    used 10507K, capacity 11260K, committed 11288K, reserved 1048576K
}
Event: 666.278 GC heap before
{Heap before GC invocations=26 (full 3):
 PSYoungGen      total 406528K, used 394426K [0x00000000e0000000, 0x00000000fb480000, 0x0000000100000000)
  eden space 378368K, 100% used [0x00000000e0000000,0x00000000f7180000,0x00000000f7180000)
  from space 28160K, 57% used [0x00000000f9900000,0x00000000fa8aea80,0x00000000fb480000)
  to   space 34304K, 0% used [0x00000000f7180000,0x00000000f7180000,0x00000000f9300000)
 ParOldGen       total 134144K, used 68239K [0x00000000a0000000, 0x00000000a8300000, 0x00000000e0000000)
  object space 134144K, 50% used [0x00000000a0000000,0x00000000a42a3da0,0x00000000a8300000)
 Metaspace       used 85671K, capacity 89428K, committed 89624K, reserved 1126400K
  class space    used 10966K, capacity 11795K, committed 11800K, reserved 1048576K
Event: 666.379 GC heap after
Heap after GC invocations=26 (full 3):
 PSYoungGen      total 412672K, used 34303K [0x00000000e0000000, 0x00000000ffc00000, 0x0000000100000000)
  eden space 378368K, 0% used [0x00000000e0000000,0x00000000e0000000,0x00000000f7180000)
  from space 34304K, 99% used [0x00000000f7180000,0x00000000f92ffc38,0x00000000f9300000)
  to   space 40448K, 0% used [0x00000000fd480000,0x00000000fd480000,0x00000000ffc00000)
 ParOldGen       total 134144K, used 72426K [0x00000000a0000000, 0x00000000a8300000, 0x00000000e0000000)
  object space 134144K, 53% used [0x00000000a0000000,0x00000000a46ba850,0x00000000a8300000)
 Metaspace       used 85671K, capacity 89428K, committed 89624K, reserved 1126400K
  class space    used 10966K, capacity 11795K, committed 11800K, reserved 1048576K
}

