# JRE version: OpenJDK Runtime Environment (8.0_212-b04) (build 1.8.0_212-release-1586-b04)
# Java VM: OpenJDK 64-Bit Server VM (25.212-b04 mixed mode windows-amd64 compressed oops)
Heap:
 PSYoungGen      total 181248K, used 49357K [0x00000000e0000000, 0x00000000ee100000, 0x0000000100000000)
  eden space 162816K, 22% used [0x00000000e0000000,0x00000000e241f368,0x00000000e9f00000)
  from space 18432K, 67% used [0x00000000e9f00000,0x00000000eab14178,0x00000000eb100000)
  to   space 18944K, 0% used [0x00000000ece80000,0x00000000ece80000,0x00000000ee100000)
 ParOldGen       total 142336K, used 36417K [0x00000000a0000000, 0x00000000a8b00000, 0x00000000e0000000)
  object space 142336K, 25% used [0x00000000a0000000,0x00000000a2390548,0x00000000a8b00000)
 Metaspace       used 60364K, capacity 62528K, committed 62848K, reserved 1103872K
  class space    used 8244K, capacity 8722K, committed 8832K, reserved 1048576K
GC Heap History (10 events):
Event: 12.869 GC heap before
{Heap before GC invocations=12 (full 2):
 PSYoungGen      total 116736K, used 104960K [0x00000000e0000000, 0x00000000ea480000, 0x0000000100000000)
  eden space 104960K, 100% used [0x00000000e0000000,0x00000000e6680000,0x00000000e6680000)
  from space 11776K, 0% used [0x00000000e6680000,0x00000000e6680000,0x00000000e7200000)
  to   space 12288K, 0% used [0x00000000e9880000,0x00000000e9880000,0x00000000ea480000)
 ParOldGen       total 92672K, used 17071K [0x00000000a0000000, 0x00000000a5a80000, 0x00000000e0000000)
  object space 92672K, 18% used [0x00000000a0000000,0x00000000a10abfc8,0x00000000a5a80000)
 Metaspace       used 45174K, capacity 46264K, committed 46592K, reserved 1089536K
  class space    used 6059K, capacity 6346K, committed 6400K, reserved 1048576K
Event: 12.910 GC heap after
Heap after GC invocations=12 (full 2):
 PSYoungGen      total 144896K, used 12260K [0x00000000e0000000, 0x00000000ea480000, 0x0000000100000000)
  eden space 132608K, 0% used [0x00000000e0000000,0x00000000e0000000,0x00000000e8180000)
  from space 12288K, 99% used [0x00000000e9880000,0x00000000ea479350,0x00000000ea480000)
  to   space 14848K, 0% used [0x00000000e8780000,0x00000000e8780000,0x00000000e9600000)
 ParOldGen       total 92672K, used 19603K [0x00000000a0000000, 0x00000000a5a80000, 0x00000000e0000000)
  object space 92672K, 21% used [0x00000000a0000000,0x00000000a1324c10,0x00000000a5a80000)
 Metaspace       used 45174K, capacity 46264K, committed 46592K, reserved 1089536K
  class space    used 6059K, capacity 6346K, committed 6400K, reserved 1048576K
}
Event: 16.654 GC heap before
{Heap before GC invocations=13 (full 2):
 PSYoungGen      total 144896K, used 144868K [0x00000000e0000000, 0x00000000ea480000, 0x0000000100000000)
  eden space 132608K, 100% used [0x00000000e0000000,0x00000000e8180000,0x00000000e8180000)
  from space 12288K, 99% used [0x00000000e9880000,0x00000000ea479350,0x00000000ea480000)
  to   space 14848K, 0% used [0x00000000e8780000,0x00000000e8780000,0x00000000e9600000)
 ParOldGen       total 92672K, used 19603K [0x00000000a0000000, 0x00000000a5a80000, 0x00000000e0000000)
  object space 92672K, 21% used [0x00000000a0000000,0x00000000a1324c10,0x00000000a5a80000)
 Metaspace       used 54132K, capacity 55778K, committed 56064K, reserved 1097728K
  class space    used 7456K, capacity 7887K, committed 7936K, reserved 1048576K
Event: 16.686 GC heap after
Heap after GC invocations=13 (full 2):
 PSYoungGen      total 153600K, used 14194K [0x00000000e0000000, 0x00000000ec100000, 0x0000000100000000)
  eden space 138752K, 0% used [0x00000000e0000000,0x00000000e0000000,0x00000000e8780000)
  from space 14848K, 95% used [0x00000000e8780000,0x00000000e955c820,0x00000000e9600000)
  to   space 16384K, 0% used [0x00000000eb100000,0x00000000eb100000,0x00000000ec100000)
 ParOldGen       total 92672K, used 25567K [0x00000000a0000000, 0x00000000a5a80000, 0x00000000e0000000)
  object space 92672K, 27% used [0x00000000a0000000,0x00000000a18f7d70,0x00000000a5a80000)
 Metaspace       used 54132K, capacity 55778K, committed 56064K, reserved 1097728K
  class space    used 7456K, capacity 7887K, committed 7936K, reserved 1048576K
}
Event: 18.401 GC heap before
{Heap before GC invocations=14 (full 2):
 PSYoungGen      total 153600K, used 82320K [0x00000000e0000000, 0x00000000ec100000, 0x0000000100000000)
  eden space 138752K, 49% used [0x00000000e0000000,0x00000000e4287b20,0x00000000e8780000)
  from space 14848K, 95% used [0x00000000e8780000,0x00000000e955c820,0x00000000e9600000)
  to   space 16384K, 0% used [0x00000000eb100000,0x00000000eb100000,0x00000000ec100000)
 ParOldGen       total 92672K, used 25567K [0x00000000a0000000, 0x00000000a5a80000, 0x00000000e0000000)
  object space 92672K, 27% used [0x00000000a0000000,0x00000000a18f7d70,0x00000000a5a80000)
 Metaspace       used 57263K, capacity 59070K, committed 59096K, reserved 1099776K
  class space    used 7877K, capacity 8317K, committed 8320K, reserved 1048576K
Event: 18.437 GC heap after
Heap after GC invocations=14 (full 2):
 PSYoungGen      total 179200K, used 16302K [0x00000000e0000000, 0x00000000ecd80000, 0x0000000100000000)
  eden space 162816K, 0% used [0x00000000e0000000,0x00000000e0000000,0x00000000e9f00000)
  from space 16384K, 99% used [0x00000000eb100000,0x00000000ec0ebb40,0x00000000ec100000)
  to   space 18432K, 0% used [0x00000000e9f00000,0x00000000e9f00000,0x00000000eb100000)
 ParOldGen       total 92672K, used 25575K [0x00000000a0000000, 0x00000000a5a80000, 0x00000000e0000000)
  object space 92672K, 27% used [0x00000000a0000000,0x00000000a18f9d70,0x00000000a5a80000)
 Metaspace       used 57263K, capacity 59070K, committed 59096K, reserved 1099776K
  class space    used 7877K, capacity 8317K, committed 8320K, reserved 1048576K
}
Event: 18.437 GC heap before
{Heap before GC invocations=15 (full 3):
 PSYoungGen      total 179200K, used 16302K [0x00000000e0000000, 0x00000000ecd80000, 0x0000000100000000)
  eden space 162816K, 0% used [0x00000000e0000000,0x00000000e0000000,0x00000000e9f00000)
  from space 16384K, 99% used [0x00000000eb100000,0x00000000ec0ebb40,0x00000000ec100000)
  to   space 18432K, 0% used [0x00000000e9f00000,0x00000000e9f00000,0x00000000eb100000)
 ParOldGen       total 92672K, used 25575K [0x00000000a0000000, 0x00000000a5a80000, 0x00000000e0000000)
  object space 92672K, 27% used [0x00000000a0000000,0x00000000a18f9d70,0x00000000a5a80000)
 Metaspace       used 57263K, capacity 59070K, committed 59096K, reserved 1099776K
  class space    used 7877K, capacity 8317K, committed 8320K, reserved 1048576K
Event: 18.870 GC heap after
Heap after GC invocations=15 (full 3):
 PSYoungGen      total 179200K, used 0K [0x00000000e0000000, 0x00000000ecd80000, 0x0000000100000000)
  eden space 162816K, 0% used [0x00000000e0000000,0x00000000e0000000,0x00000000e9f00000)
  from space 16384K, 0% used [0x00000000eb100000,0x00000000eb100000,0x00000000ec100000)
  to   space 18432K, 0% used [0x00000000e9f00000,0x00000000e9f00000,0x00000000eb100000)
 ParOldGen       total 142336K, used 36409K [0x00000000a0000000, 0x00000000a8b00000, 0x00000000e0000000)
  object space 142336K, 25% used [0x00000000a0000000,0x00000000a238e548,0x00000000a8b00000)
 Metaspace       used 57263K, capacity 59070K, committed 59096K, reserved 1099776K
  class space    used 7877K, capacity 8317K, committed 8320K, reserved 1048576K
}
Event: 22.244 GC heap before
{Heap before GC invocations=16 (full 3):
 PSYoungGen      total 179200K, used 162816K [0x00000000e0000000, 0x00000000ecd80000, 0x0000000100000000)
  eden space 162816K, 100% used [0x00000000e0000000,0x00000000e9f00000,0x00000000e9f00000)
  from space 16384K, 0% used [0x00000000eb100000,0x00000000eb100000,0x00000000ec100000)
  to   space 18432K, 0% used [0x00000000e9f00000,0x00000000e9f00000,0x00000000eb100000)
 ParOldGen       total 142336K, used 36409K [0x00000000a0000000, 0x00000000a8b00000, 0x00000000e0000000)
  object space 142336K, 25% used [0x00000000a0000000,0x00000000a238e548,0x00000000a8b00000)
 Metaspace       used 59297K, capacity 61376K, committed 61696K, reserved 1101824K
  class space    used 8122K, capacity 8578K, committed 8704K, reserved 1048576K
Event: 22.264 GC heap after
Heap after GC invocations=16 (full 3):
 PSYoungGen      total 181248K, used 12368K [0x00000000e0000000, 0x00000000ee100000, 0x0000000100000000)
  eden space 162816K, 0% used [0x00000000e0000000,0x00000000e0000000,0x00000000e9f00000)
  from space 18432K, 67% used [0x00000000e9f00000,0x00000000eab14178,0x00000000eb100000)
  to   space 18944K, 0% used [0x00000000ece80000,0x00000000ece80000,0x00000000ee100000)
 ParOldGen       total 142336K, used 36417K [0x00000000a0000000, 0x00000000a8b00000, 0x00000000e0000000)
  object space 142336K, 25% used [0x00000000a0000000,0x00000000a2390548,0x00000000a8b00000)
 Metaspace       used 59297K, capacity 61376K, committed 61696K, reserved 1101824K
  class space    used 8122K, capacity 8578K, committed 8704K, reserved 1048576K
}

